<?xml version="1.0" encoding="UTF-8"?>
<!-- Generated by org.testng.reporters.JUnitXMLReporter -->
<testsuite ignored="0" hostname="DESKTOP-VNQKMTA" failures="7" tests="15" name="Test" time="215.859" errors="0" timestamp="2025-03-27T17:57:41 IST">
  <testcase classname="maintestscript.NewAdminUserPageTest" name="verifyNewAdminUserCreationWorking" time="4.467"/>
  <testcase classname="maintestscript.NewAdminUserPageTest" name="verifyValuesEnteredInAllFieldsForCreatiingNewUser" time="0.0">
    <failure type="org.testng.TestNGException" message="
Parameter &amp;apos;username&amp;apos; is required by @Test on method verifyValuesEnteredInAllFieldsForCreatiingNewUser but has not been marked @Optional or defined
in C:\Users\Vivek\git\SeleniumProjectRepo\7rmartsupermarket\testng.xml">
      <![CDATA[org.testng.TestNGException: 
Parameter 'username' is required by @Test on method verifyValuesEnteredInAllFieldsForCreatiingNewUser but has not been marked @Optional or defined
in C:\Users\Vivek\git\SeleniumProjectRepo\7rmartsupermarket\testng.xml
at java.base/java.util.ArrayList.forEach(ArrayList.java:1596)
... Removed 26 stack frames]]>
    </failure>
  </testcase> <!-- verifyValuesEnteredInAllFieldsForCreatiingNewUser -->
  <testcase classname="maintestscript.NewAdminUserPageTest" name="verifyValuesEnteredInAllFieldsForCreatiingNewUserCanReset" time="3.879"/>
  <testcase classname="maintestscript.SearchAdminUserPageTest" name="verifySearchButtondisplayedInAdminUsersPageIsWorking" time="2.463"/>
  <testcase classname="maintestscript.SearchAdminUserPageTest" name="verifyUserCansearchUserDetails" time="4.816"/>
  <testcase classname="maintestscript.AdminUsersPageTest" name="verifyUserCanClickOnAdminUsers" time="6.248"/>
  <testcase classname="maintestscript.MainLoginPageTest" name="verifyUserCanLoginWithInvalidUsernameAndInvalidPassword" time="1.661">
    <failure type="java.lang.AssertionError" message="LoginPage not loaded expected [Dashboard | 7rmart supermarket] but found [Login | 7rmart supermarket]">
      <![CDATA[java.lang.AssertionError: LoginPage not loaded expected [Dashboard | 7rmart supermarket] but found [Login | 7rmart supermarket]
at maintestscript.MainLoginPageTest.verifyUserCanLoginWithInvalidUsernameAndInvalidPassword(MainLoginPageTest.java:60)
at java.base/java.util.ArrayList.forEach(ArrayList.java:1596)
... Removed 30 stack frames]]>
    </failure>
  </testcase> <!-- verifyUserCanLoginWithInvalidUsernameAndInvalidPassword -->
  <testcase classname="maintestscript.MainLoginPageTest" name="verifyUserCanLoginWithInvalidUsernameAndValidPassword" time="1.678">
    <skipped/>
  </testcase> <!-- verifyUserCanLoginWithInvalidUsernameAndValidPassword -->
  <testcase classname="maintestscript.MainLoginPageTest" name="verifyUserCanLoginWithInvalidUsernameAndValidPassword" time="1.12">
    <skipped/>
  </testcase> <!-- verifyUserCanLoginWithInvalidUsernameAndValidPassword -->
  <testcase classname="maintestscript.MainLoginPageTest" name="verifyUserCanLoginWithInvalidUsernameAndValidPassword" time="0.966">
    <failure type="java.lang.AssertionError" message="LoginPage not loaded expected [Dashboard | 7rmart supermarket] but found [Login | 7rmart supermarket]">
      <![CDATA[java.lang.AssertionError: LoginPage not loaded expected [Dashboard | 7rmart supermarket] but found [Login | 7rmart supermarket]
at maintestscript.MainLoginPageTest.verifyUserCanLoginWithInvalidUsernameAndValidPassword(MainLoginPageTest.java:48)
at java.base/java.util.ArrayList.forEach(ArrayList.java:1596)
... Removed 30 stack frames]]>
    </failure>
  </testcase> <!-- verifyUserCanLoginWithInvalidUsernameAndValidPassword -->
  <testcase classname="maintestscript.MainLoginPageTest" name="verifyUserCanLoginWithValidCredientials" time="1.465"/>
  <testcase classname="maintestscript.MainLoginPageTest" name="verifyUserCanLoginWithValidCredientials" time="0.938">
    <failure type="java.lang.AssertionError" message="LoginPage not loaded expected [Dashboard | 7rmart supermarket] but found [Login | 7rmart supermarket]">
      <![CDATA[java.lang.AssertionError: LoginPage not loaded expected [Dashboard | 7rmart supermarket] but found [Login | 7rmart supermarket]
at maintestscript.MainLoginPageTest.verifyUserCanLoginWithValidCredientials(MainLoginPageTest.java:25)
at java.base/java.util.ArrayList.forEach(ArrayList.java:1596)
... Removed 30 stack frames]]>
    </failure>
  </testcase> <!-- verifyUserCanLoginWithValidCredientials -->
  <testcase classname="maintestscript.MainLoginPageTest" name="verifyUserCanLoginWithValidCredientials" time="3.438">
    <failure type="java.lang.AssertionError" message="LoginPage not loaded expected [Dashboard | 7rmart supermarket] but found [Login | 7rmart supermarket]">
      <![CDATA[java.lang.AssertionError: LoginPage not loaded expected [Dashboard | 7rmart supermarket] but found [Login | 7rmart supermarket]
at maintestscript.MainLoginPageTest.verifyUserCanLoginWithValidCredientials(MainLoginPageTest.java:25)
at java.base/java.util.ArrayList.forEach(ArrayList.java:1596)
... Removed 30 stack frames]]>
    </failure>
  </testcase> <!-- verifyUserCanLoginWithValidCredientials -->
  <testcase classname="maintestscript.MainLoginPageTest" name="verifyUserCanLoginWithValidCredientials" time="1.066">
    <failure type="java.lang.AssertionError" message="LoginPage not loaded expected [Dashboard | 7rmart supermarket] but found [Login | 7rmart supermarket]">
      <![CDATA[java.lang.AssertionError: LoginPage not loaded expected [Dashboard | 7rmart supermarket] but found [Login | 7rmart supermarket]
at maintestscript.MainLoginPageTest.verifyUserCanLoginWithValidCredientials(MainLoginPageTest.java:25)
at java.base/java.util.ArrayList.forEach(ArrayList.java:1596)
... Removed 30 stack frames]]>
    </failure>
  </testcase> <!-- verifyUserCanLoginWithValidCredientials -->
  <testcase classname="maintestscript.MainLoginPageTest" name="verifyUserCanLoginWithValidUsernameAndInvalidPassword" time="0.0">
    <failure type="org.testng.TestNGException" message="
Parameter &amp;apos;username&amp;apos; is required by @Test on method verifyUserCanLoginWithValidUsernameAndInvalidPassword but has not been marked @Optional or defined
in C:\Users\Vivek\git\SeleniumProjectRepo\7rmartsupermarket\testng.xml">
      <![CDATA[org.testng.TestNGException: 
Parameter 'username' is required by @Test on method verifyUserCanLoginWithValidUsernameAndInvalidPassword but has not been marked @Optional or defined
in C:\Users\Vivek\git\SeleniumProjectRepo\7rmartsupermarket\testng.xml
at java.base/java.util.ArrayList.forEach(ArrayList.java:1596)
... Removed 26 stack frames]]>
    </failure>
  </testcase> <!-- verifyUserCanLoginWithValidUsernameAndInvalidPassword -->
</testsuite> <!-- Test -->
