<?xml version="1.0" encoding="UTF-8"?>
<testng-results ignored="0" total="2" passed="0" failed="2" skipped="0">
  <reporter-output>
  </reporter-output>
  <suite started-at="2025-04-03T10:21:05 IST" name="MultiBrowserTesting" finished-at="2025-04-03T10:21:36 IST" duration-ms="30759">
    <groups>
    </groups>
    <test started-at="2025-04-03T10:21:05 IST" name="ChromeTest" finished-at="2025-04-03T10:21:35 IST" duration-ms="29835">
      <class name="maintestscript.MainLoginPageTest">
        <test-method is-config="true" signature="beforeMethod(java.lang.String)[pri:0, instance:maintestscript.MainLoginPageTest@3754a4bf]" started-at="2025-04-03T10:21:06 IST" name="beforeMethod" finished-at="2025-04-03T10:21:31 IST" duration-ms="25796" status="PASS">
          <params>
            <param index="0">
              <value>
                <![CDATA[chrome]]>
              </value>
            </param>
          </params>
          <reporter-output>
          </reporter-output>
        </test-method> <!-- beforeMethod -->
        <test-method signature="verifyUserCanLoginWithValidUsernameAndInvalidPassword(java.lang.String,java.lang.String)[pri:0, instance:maintestscript.MainLoginPageTest@3754a4bf]" started-at="2025-04-03T10:21:31 IST" name="verifyUserCanLoginWithValidUsernameAndInvalidPassword" finished-at="2025-04-03T10:21:35 IST" duration-ms="3227" status="FAIL">
          <params>
            <param index="0">
              <value>
                <![CDATA[harsha]]>
              </value>
            </param>
            <param index="1">
              <value>
                <![CDATA[Haridas123+]]>
              </value>
            </param>
          </params>
          <exception class="java.lang.AssertionError">
            <message>
              <![CDATA[LoginPage not loaded expected [Dashboard | 7rmart supermarket] but found [Login | 7rmart supermarket]]]>
            </message>
            <full-stacktrace>
              <![CDATA[java.lang.AssertionError: LoginPage not loaded expected [Dashboard | 7rmart supermarket] but found [Login | 7rmart supermarket]
at org.testng.Assert.fail(Assert.java:111)
at org.testng.Assert.failNotEquals(Assert.java:1578)
at org.testng.Assert.assertEqualsImpl(Assert.java:150)
at org.testng.Assert.assertEquals(Assert.java:132)
at org.testng.Assert.assertEquals(Assert.java:656)
at maintestscript.MainLoginPageTest.verifyUserCanLoginWithValidUsernameAndInvalidPassword(MainLoginPageTest.java:36)
at java.base/jdk.internal.reflect.DirectMethodHandleAccessor.invoke(DirectMethodHandleAccessor.java:103)
at java.base/java.lang.reflect.Method.invoke(Method.java:580)
at org.testng.internal.invokers.MethodInvocationHelper.invokeMethod(MethodInvocationHelper.java:141)
at org.testng.internal.invokers.TestInvoker.invokeMethod(TestInvoker.java:686)
at org.testng.internal.invokers.TestInvoker.invokeTestMethod(TestInvoker.java:230)
at org.testng.internal.invokers.MethodRunner.runInSequence(MethodRunner.java:63)
at org.testng.internal.invokers.TestInvoker$MethodInvocationAgent.invoke(TestInvoker.java:992)
at org.testng.internal.invokers.TestInvoker.invokeTestMethods(TestInvoker.java:203)
at org.testng.internal.invokers.TestMethodWorker.invokeTestMethods(TestMethodWorker.java:154)
at org.testng.internal.invokers.TestMethodWorker.run(TestMethodWorker.java:134)
at java.base/java.util.ArrayList.forEach(ArrayList.java:1596)
at org.testng.TestRunner.privateRun(TestRunner.java:739)
at org.testng.TestRunner.run(TestRunner.java:614)
at org.testng.SuiteRunner.runTest(SuiteRunner.java:421)
at org.testng.SuiteRunner$SuiteWorker.run(SuiteRunner.java:463)
at org.testng.internal.thread.ThreadUtil.lambda$execute$0(ThreadUtil.java:64)
at java.base/java.util.concurrent.FutureTask.run(FutureTask.java:317)
at java.base/java.util.concurrent.ThreadPoolExecutor.runWorker(ThreadPoolExecutor.java:1144)
at java.base/java.util.concurrent.ThreadPoolExecutor$Worker.run(ThreadPoolExecutor.java:642)
at java.base/java.lang.Thread.run(Thread.java:1583)
]]>
            </full-stacktrace>
          </exception> <!-- java.lang.AssertionError -->
          <reporter-output>
          </reporter-output>
        </test-method> <!-- verifyUserCanLoginWithValidUsernameAndInvalidPassword -->
        <test-method is-config="true" signature="afterMethod(org.testng.ITestResult)[pri:0, instance:maintestscript.MainLoginPageTest@3754a4bf]" started-at="2025-04-03T10:21:35 IST" name="afterMethod" finished-at="2025-04-03T10:21:35 IST" duration-ms="526" status="PASS">
          <params>
            <param index="0">
              <value>
                <![CDATA[[TestResult name=verifyUserCanLoginWithValidUsernameAndInvalidPassword status=FAILURE method=MainLoginPageTest.verifyUserCanLoginWithValidUsernameAndInvalidPassword(java.lang.String,java.lang.String)[pri:0, instance:maintestscript.MainLoginPageTest@3754a4bf] output={null}]]]>
              </value>
            </param>
          </params>
          <reporter-output>
          </reporter-output>
        </test-method> <!-- afterMethod -->
      </class> <!-- maintestscript.MainLoginPageTest -->
    </test> <!-- ChromeTest -->
    <test started-at="2025-04-03T10:21:05 IST" name="EdgeTest" finished-at="2025-04-03T10:21:36 IST" duration-ms="30759">
      <class name="maintestscript.MainLoginPageTest">
        <test-method is-config="true" signature="beforeMethod(java.lang.String)[pri:0, instance:maintestscript.MainLoginPageTest@6200f9cb]" started-at="2025-04-03T10:21:06 IST" name="beforeMethod" finished-at="2025-04-03T10:21:34 IST" duration-ms="27941" status="PASS">
          <params>
            <param index="0">
              <value>
                <![CDATA[edge]]>
              </value>
            </param>
          </params>
          <reporter-output>
          </reporter-output>
        </test-method> <!-- beforeMethod -->
        <test-method signature="verifyUserCanLoginWithValidUsernameAndInvalidPassword(java.lang.String,java.lang.String)[pri:0, instance:maintestscript.MainLoginPageTest@6200f9cb]" started-at="2025-04-03T10:21:34 IST" name="verifyUserCanLoginWithValidUsernameAndInvalidPassword" finished-at="2025-04-03T10:21:36 IST" duration-ms="2193" status="FAIL">
          <params>
            <param index="0">
              <value>
                <![CDATA[harsha]]>
              </value>
            </param>
            <param index="1">
              <value>
                <![CDATA[Haridas123+]]>
              </value>
            </param>
          </params>
          <exception class="java.lang.AssertionError">
            <message>
              <![CDATA[LoginPage not loaded expected [Dashboard | 7rmart supermarket] but found [Login | 7rmart supermarket]]]>
            </message>
            <full-stacktrace>
              <![CDATA[java.lang.AssertionError: LoginPage not loaded expected [Dashboard | 7rmart supermarket] but found [Login | 7rmart supermarket]
at org.testng.Assert.fail(Assert.java:111)
at org.testng.Assert.failNotEquals(Assert.java:1578)
at org.testng.Assert.assertEqualsImpl(Assert.java:150)
at org.testng.Assert.assertEquals(Assert.java:132)
at org.testng.Assert.assertEquals(Assert.java:656)
at maintestscript.MainLoginPageTest.verifyUserCanLoginWithValidUsernameAndInvalidPassword(MainLoginPageTest.java:36)
at java.base/jdk.internal.reflect.DirectMethodHandleAccessor.invoke(DirectMethodHandleAccessor.java:103)
at java.base/java.lang.reflect.Method.invoke(Method.java:580)
at org.testng.internal.invokers.MethodInvocationHelper.invokeMethod(MethodInvocationHelper.java:141)
at org.testng.internal.invokers.TestInvoker.invokeMethod(TestInvoker.java:686)
at org.testng.internal.invokers.TestInvoker.invokeTestMethod(TestInvoker.java:230)
at org.testng.internal.invokers.MethodRunner.runInSequence(MethodRunner.java:63)
at org.testng.internal.invokers.TestInvoker$MethodInvocationAgent.invoke(TestInvoker.java:992)
at org.testng.internal.invokers.TestInvoker.invokeTestMethods(TestInvoker.java:203)
at org.testng.internal.invokers.TestMethodWorker.invokeTestMethods(TestMethodWorker.java:154)
at org.testng.internal.invokers.TestMethodWorker.run(TestMethodWorker.java:134)
at java.base/java.util.ArrayList.forEach(ArrayList.java:1596)
at org.testng.TestRunner.privateRun(TestRunner.java:739)
at org.testng.TestRunner.run(TestRunner.java:614)
at org.testng.SuiteRunner.runTest(SuiteRunner.java:421)
at org.testng.SuiteRunner$SuiteWorker.run(SuiteRunner.java:463)
at org.testng.internal.thread.ThreadUtil.lambda$execute$0(ThreadUtil.java:64)
at java.base/java.util.concurrent.FutureTask.run(FutureTask.java:317)
at java.base/java.util.concurrent.ThreadPoolExecutor.runWorker(ThreadPoolExecutor.java:1144)
at java.base/java.util.concurrent.ThreadPoolExecutor$Worker.run(ThreadPoolExecutor.java:642)
at java.base/java.lang.Thread.run(Thread.java:1583)
]]>
            </full-stacktrace>
          </exception> <!-- java.lang.AssertionError -->
          <reporter-output>
          </reporter-output>
        </test-method> <!-- verifyUserCanLoginWithValidUsernameAndInvalidPassword -->
        <test-method is-config="true" signature="afterMethod(org.testng.ITestResult)[pri:0, instance:maintestscript.MainLoginPageTest@6200f9cb]" started-at="2025-04-03T10:21:36 IST" name="afterMethod" finished-at="2025-04-03T10:21:36 IST" duration-ms="383" status="PASS">
          <params>
            <param index="0">
              <value>
                <![CDATA[[TestResult name=verifyUserCanLoginWithValidUsernameAndInvalidPassword status=FAILURE method=MainLoginPageTest.verifyUserCanLoginWithValidUsernameAndInvalidPassword(java.lang.String,java.lang.String)[pri:0, instance:maintestscript.MainLoginPageTest@6200f9cb] output={null}]]]>
              </value>
            </param>
          </params>
          <reporter-output>
          </reporter-output>
        </test-method> <!-- afterMethod -->
      </class> <!-- maintestscript.MainLoginPageTest -->
    </test> <!-- EdgeTest -->
  </suite> <!-- MultiBrowserTesting -->
</testng-results>
