<?xml version="1.0" encoding="UTF-8"?>
<!-- Generated by org.testng.reporters.JUnitXMLReporter -->
<testsuite ignored="2" hostname="DESKTOP-VNQKMTA" failures="2" tests="4" name="GroupingTest" time="53.405" errors="0" timestamp="2025-04-01T10:55:21 IST">
  <testcase classname="maintestscript.MainLoginPageTest" name="verifyUserCanLoginWithInvalidUsernameAndInvalidPassword" time="4.175">
    <failure type="java.lang.AssertionError" message="LoginPage not loaded expected [Dashboard | 7rmart supermarket] but found [Login | 7rmart supermarket]">
      <![CDATA[java.lang.AssertionError: LoginPage not loaded expected [Dashboard | 7rmart supermarket] but found [Login | 7rmart supermarket]
at maintestscript.MainLoginPageTest.verifyUserCanLoginWithInvalidUsernameAndInvalidPassword(MainLoginPageTest.java:60)
at java.base/java.util.ArrayList.forEach(ArrayList.java:1596)
... Removed 30 stack frames]]>
    </failure>
  </testcase> <!-- verifyUserCanLoginWithInvalidUsernameAndInvalidPassword -->
  <testcase classname="maintestscript.MainLoginPageTest" name="verifyUserCanLoginWithInvalidUsernameAndValidPassword" time="2.574">
    <skipped/>
  </testcase> <!-- verifyUserCanLoginWithInvalidUsernameAndValidPassword -->
  <testcase classname="maintestscript.MainLoginPageTest" name="verifyUserCanLoginWithInvalidUsernameAndValidPassword" time="1.502">
    <skipped/>
  </testcase> <!-- verifyUserCanLoginWithInvalidUsernameAndValidPassword -->
  <testcase classname="maintestscript.MainLoginPageTest" name="verifyUserCanLoginWithInvalidUsernameAndValidPassword" time="1.191">
    <failure type="java.lang.AssertionError" message="LoginPage not loaded expected [Dashboard | 7rmart supermarket] but found [Login | 7rmart supermarket]">
      <![CDATA[java.lang.AssertionError: LoginPage not loaded expected [Dashboard | 7rmart supermarket] but found [Login | 7rmart supermarket]
at maintestscript.MainLoginPageTest.verifyUserCanLoginWithInvalidUsernameAndValidPassword(MainLoginPageTest.java:48)
at java.base/java.util.ArrayList.forEach(ArrayList.java:1596)
... Removed 30 stack frames]]>
    </failure>
  </testcase> <!-- verifyUserCanLoginWithInvalidUsernameAndValidPassword -->
  <testcase classname="maintestscript.MainLoginPageTest" name="verifyUserCanLoginWithValidCredientials" time="0.0">
    <ignored/>
  </testcase> <!-- verifyUserCanLoginWithValidCredientials -->
  <testcase classname="maintestscript.MainLoginPageTest" name="verifyUserCanLoginWithValidUsernameAndInvalidPassword" time="0.0">
    <ignored/>
  </testcase> <!-- verifyUserCanLoginWithValidUsernameAndInvalidPassword -->
</testsuite> <!-- GroupingTest -->
